<?xml version="1.0" encoding="utf-8"?><testsuites name="pytest tests"><testsuite name="pytest" errors="0" failures="0" skipped="0" tests="7" time="1.852" timestamp="2026-09-14T11:44:27.983886+00:00" hostname="agent-env-039ef96a-0608-4c52-a899-7c300dd01531"><testcase classname="tests.test_content_editability.TestPublicSettings" name="test_get_settings_ok" time="0.169" /><testcase classname="tests.test_content_editability.TestSecurity" name="test_put_requires_auth" time="0.154" /><testcase classname="tests.test_content_editability.TestSecurity" name="test_about_portrait_rejects_external_url" time="0.503" /><testcase classname="tests.test_content_editability.TestSecurity" name="test_about_portrait_rejects_traversal" time="0.132" /><testcase classname="tests.test_content_editability.TestContentPersistence" name="test_save_and_retrieve_content_keys" time="0.304" /><testcase classname="tests.test_content_editability.TestContentPersistence" name="test_content_limits_strip_extras" time="0.277" /><testcase classname="tests.test_content_editability.TestCleanup" name="test_restore_original" time="0.254" /></testsuite></testsuites>