<?xml version="1.0" encoding="utf-8"?><testsuites name="pytest tests"><testsuite name="pytest" errors="0" failures="0" skipped="0" tests="6" time="3.369" timestamp="2026-09-14T11:07:06.420722+00:00" hostname="agent-env-039ef96a-0608-4c52-a899-7c300dd01531"><testcase classname="tests.test_hero_portrait" name="test_health" time="0.245" /><testcase classname="tests.test_hero_portrait" name="test_unauth_upload_rejected" time="0.401" /><testcase classname="tests.test_hero_portrait" name="test_upload_and_settings_flow" time="1.597" /><testcase classname="tests.test_hero_portrait" name="test_reject_external_url" time="0.335" /><testcase classname="tests.test_hero_portrait" name="test_reject_traversal" time="0.300" /><testcase classname="tests.test_hero_portrait" name="test_reject_non_image_upload" time="0.148" /></testsuite></testsuites>